[2024-12-02T10:02:18.789+0000] {manager.py:486} INFO - Processing files using up to 2 processes at a time 
[2024-12-02T10:02:18.789+0000] {manager.py:487} INFO - Process each file at most once every 30 seconds
[2024-12-02T10:02:18.789+0000] {manager.py:488} INFO - Checking for new files in /opt/airflow/dags every 300 seconds
[2024-12-02T10:02:18.790+0000] {manager.py:832} INFO - Searching for files in /opt/airflow/dags
[2024-12-02T10:02:18.795+0000] {manager.py:835} INFO - There are 1 files in /opt/airflow/dags
[2024-12-02T10:02:18.835+0000] {manager.py:1008} INFO - 
================================================================================
DAG File Processing Stats

File Path                                 PID  Runtime      # DAGs    # Errors  Last Runtime    Last Run      Last # of DB Queries
--------------------------------------  -----  ---------  --------  ----------  --------------  ----------  ----------------------
/opt/airflow/dags/dag.test_monokera.py     57  0.02s             0           0                                                   0
================================================================================
[2024-12-02T10:02:48.949+0000] {manager.py:1008} INFO - 
================================================================================
DAG File Processing Stats

File Path                               PID    Runtime      # DAGs    # Errors  Last Runtime    Last Run               Last # of DB Queries
--------------------------------------  -----  ---------  --------  ----------  --------------  -------------------  ----------------------
/opt/airflow/dags/dag.test_monokera.py                           1           0  1.64s           2024-12-02T10:02:20                      45
================================================================================
[2024-12-02T10:03:19.080+0000] {manager.py:1008} INFO - 
================================================================================
DAG File Processing Stats

File Path                               PID    Runtime      # DAGs    # Errors  Last Runtime    Last Run               Last # of DB Queries
--------------------------------------  -----  ---------  --------  ----------  --------------  -------------------  ----------------------
/opt/airflow/dags/dag.test_monokera.py                           1           0  0.49s           2024-12-02T10:02:51                      12
================================================================================
[2024-12-02T10:03:49.297+0000] {manager.py:1008} INFO - 
================================================================================
DAG File Processing Stats

File Path                               PID    Runtime      # DAGs    # Errors  Last Runtime    Last Run               Last # of DB Queries
--------------------------------------  -----  ---------  --------  ----------  --------------  -------------------  ----------------------
/opt/airflow/dags/dag.test_monokera.py                           1           0  0.50s           2024-12-02T10:03:21                      12
================================================================================
[2024-12-02T10:04:19.355+0000] {manager.py:1008} INFO - 
================================================================================
DAG File Processing Stats

File Path                               PID    Runtime      # DAGs    # Errors  Last Runtime    Last Run               Last # of DB Queries
--------------------------------------  -----  ---------  --------  ----------  --------------  -------------------  ----------------------
/opt/airflow/dags/dag.test_monokera.py                           1           0  0.52s           2024-12-02T10:03:52                      12
================================================================================
[2024-12-02T10:04:49.495+0000] {manager.py:1008} INFO - 
================================================================================
DAG File Processing Stats

File Path                               PID    Runtime      # DAGs    # Errors  Last Runtime    Last Run               Last # of DB Queries
--------------------------------------  -----  ---------  --------  ----------  --------------  -------------------  ----------------------
/opt/airflow/dags/dag.test_monokera.py                           1           0  0.45s           2024-12-02T10:04:22                      12
================================================================================
[2024-12-02T10:05:19.533+0000] {manager.py:1008} INFO - 
================================================================================
DAG File Processing Stats

File Path                               PID    Runtime      # DAGs    # Errors  Last Runtime    Last Run               Last # of DB Queries
--------------------------------------  -----  ---------  --------  ----------  --------------  -------------------  ----------------------
/opt/airflow/dags/dag.test_monokera.py                           1           0  0.47s           2024-12-02T10:04:53                      12
================================================================================
[2024-12-02T10:05:49.660+0000] {manager.py:1008} INFO - 
================================================================================
DAG File Processing Stats

File Path                               PID    Runtime      # DAGs    # Errors  Last Runtime    Last Run               Last # of DB Queries
--------------------------------------  -----  ---------  --------  ----------  --------------  -------------------  ----------------------
/opt/airflow/dags/dag.test_monokera.py                           1           0  0.46s           2024-12-02T10:05:24                      12
================================================================================
[2024-12-02T10:06:19.691+0000] {manager.py:1008} INFO - 
================================================================================
DAG File Processing Stats

File Path                               PID    Runtime      # DAGs    # Errors  Last Runtime    Last Run               Last # of DB Queries
--------------------------------------  -----  ---------  --------  ----------  --------------  -------------------  ----------------------
/opt/airflow/dags/dag.test_monokera.py                           1           0  0.46s           2024-12-02T10:05:54                      12
================================================================================
[2024-12-02T10:06:49.829+0000] {manager.py:1008} INFO - 
================================================================================
DAG File Processing Stats

File Path                               PID    Runtime      # DAGs    # Errors  Last Runtime    Last Run               Last # of DB Queries
--------------------------------------  -----  ---------  --------  ----------  --------------  -------------------  ----------------------
/opt/airflow/dags/dag.test_monokera.py                           1           0  0.47s           2024-12-02T10:06:25                      12
================================================================================
[2024-12-02T10:07:18.855+0000] {manager.py:832} INFO - Searching for files in /opt/airflow/dags
[2024-12-02T10:07:18.859+0000] {manager.py:835} INFO - There are 1 files in /opt/airflow/dags
[2024-12-02T10:07:19.871+0000] {manager.py:1008} INFO - 
================================================================================
DAG File Processing Stats

File Path                               PID    Runtime      # DAGs    # Errors  Last Runtime    Last Run               Last # of DB Queries
--------------------------------------  -----  ---------  --------  ----------  --------------  -------------------  ----------------------
/opt/airflow/dags/dag.test_monokera.py                           1           0  0.45s           2024-12-02T10:06:55                      12
================================================================================
[2024-12-02T10:07:50.001+0000] {manager.py:1008} INFO - 
================================================================================
DAG File Processing Stats

File Path                               PID    Runtime      # DAGs    # Errors  Last Runtime    Last Run               Last # of DB Queries
--------------------------------------  -----  ---------  --------  ----------  --------------  -------------------  ----------------------
/opt/airflow/dags/dag.test_monokera.py                           1           0  0.45s           2024-12-02T10:07:26                      12
================================================================================
[2024-12-02T10:08:20.044+0000] {manager.py:1008} INFO - 
================================================================================
DAG File Processing Stats

File Path                               PID    Runtime      # DAGs    # Errors  Last Runtime    Last Run               Last # of DB Queries
--------------------------------------  -----  ---------  --------  ----------  --------------  -------------------  ----------------------
/opt/airflow/dags/dag.test_monokera.py                           1           0  0.47s           2024-12-02T10:07:56                      12
================================================================================
[2024-12-02T10:08:50.171+0000] {manager.py:1008} INFO - 
================================================================================
DAG File Processing Stats

File Path                               PID    Runtime      # DAGs    # Errors  Last Runtime    Last Run               Last # of DB Queries
--------------------------------------  -----  ---------  --------  ----------  --------------  -------------------  ----------------------
/opt/airflow/dags/dag.test_monokera.py                           1           0  0.49s           2024-12-02T10:08:27                      12
================================================================================
[2024-12-02T10:09:20.249+0000] {manager.py:1008} INFO - 
================================================================================
DAG File Processing Stats

File Path                               PID    Runtime      # DAGs    # Errors  Last Runtime    Last Run               Last # of DB Queries
--------------------------------------  -----  ---------  --------  ----------  --------------  -------------------  ----------------------
/opt/airflow/dags/dag.test_monokera.py                           1           0  0.46s           2024-12-02T10:08:58                      12
================================================================================
[2024-12-02T10:09:50.374+0000] {manager.py:1008} INFO - 
================================================================================
DAG File Processing Stats

File Path                               PID    Runtime      # DAGs    # Errors  Last Runtime    Last Run               Last # of DB Queries
--------------------------------------  -----  ---------  --------  ----------  --------------  -------------------  ----------------------
/opt/airflow/dags/dag.test_monokera.py                           1           0  0.50s           2024-12-02T10:09:28                      12
================================================================================
[2024-12-02T10:10:20.507+0000] {manager.py:1008} INFO - 
================================================================================
DAG File Processing Stats

File Path                               PID    Runtime      # DAGs    # Errors  Last Runtime    Last Run               Last # of DB Queries
--------------------------------------  -----  ---------  --------  ----------  --------------  -------------------  ----------------------
/opt/airflow/dags/dag.test_monokera.py                           1           0  0.53s           2024-12-02T10:09:59                      12
================================================================================
[2024-12-02T10:10:50.636+0000] {manager.py:1008} INFO - 
================================================================================
DAG File Processing Stats

File Path                               PID    Runtime      # DAGs    # Errors  Last Runtime    Last Run               Last # of DB Queries
--------------------------------------  -----  ---------  --------  ----------  --------------  -------------------  ----------------------
/opt/airflow/dags/dag.test_monokera.py                           1           0  0.57s           2024-12-02T10:10:30                      12
================================================================================
[2024-12-02T10:11:20.772+0000] {manager.py:1008} INFO - 
================================================================================
DAG File Processing Stats

File Path                               PID    Runtime      # DAGs    # Errors  Last Runtime    Last Run               Last # of DB Queries
--------------------------------------  -----  ---------  --------  ----------  --------------  -------------------  ----------------------
/opt/airflow/dags/dag.test_monokera.py                           1           0  0.48s           2024-12-02T10:11:00                      12
================================================================================
[2024-12-02T10:11:50.922+0000] {manager.py:1008} INFO - 
================================================================================
DAG File Processing Stats

File Path                               PID    Runtime      # DAGs    # Errors  Last Runtime    Last Run               Last # of DB Queries
--------------------------------------  -----  ---------  --------  ----------  --------------  -------------------  ----------------------
/opt/airflow/dags/dag.test_monokera.py                           1           0  0.45s           2024-12-02T10:11:31                      12
================================================================================
[2024-12-02T10:12:18.953+0000] {manager.py:832} INFO - Searching for files in /opt/airflow/dags
[2024-12-02T10:12:18.958+0000] {manager.py:835} INFO - There are 1 files in /opt/airflow/dags
[2024-12-02T10:12:20.972+0000] {manager.py:1008} INFO - 
================================================================================
DAG File Processing Stats

File Path                               PID    Runtime      # DAGs    # Errors  Last Runtime    Last Run               Last # of DB Queries
--------------------------------------  -----  ---------  --------  ----------  --------------  -------------------  ----------------------
/opt/airflow/dags/dag.test_monokera.py                           1           0  0.48s           2024-12-02T10:12:01                      12
================================================================================
[2024-12-02T10:12:51.102+0000] {manager.py:1008} INFO - 
================================================================================
DAG File Processing Stats

File Path                               PID    Runtime      # DAGs    # Errors  Last Runtime    Last Run               Last # of DB Queries
--------------------------------------  -----  ---------  --------  ----------  --------------  -------------------  ----------------------
/opt/airflow/dags/dag.test_monokera.py                           1           0  0.49s           2024-12-02T10:12:32                      12
================================================================================
[2024-12-02T10:13:21.192+0000] {manager.py:1008} INFO - 
================================================================================
DAG File Processing Stats

File Path                               PID    Runtime      # DAGs    # Errors  Last Runtime    Last Run               Last # of DB Queries
--------------------------------------  -----  ---------  --------  ----------  --------------  -------------------  ----------------------
/opt/airflow/dags/dag.test_monokera.py                           1           0  0.48s           2024-12-02T10:13:03                      12
================================================================================
[2024-12-02T10:13:51.323+0000] {manager.py:1008} INFO - 
================================================================================
DAG File Processing Stats

File Path                               PID    Runtime      # DAGs    # Errors  Last Runtime    Last Run               Last # of DB Queries
--------------------------------------  -----  ---------  --------  ----------  --------------  -------------------  ----------------------
/opt/airflow/dags/dag.test_monokera.py                           1           0  0.47s           2024-12-02T10:13:33                      12
================================================================================
[2024-12-02T10:14:21.352+0000] {manager.py:1008} INFO - 
================================================================================
DAG File Processing Stats

File Path                               PID    Runtime      # DAGs    # Errors  Last Runtime    Last Run               Last # of DB Queries
--------------------------------------  -----  ---------  --------  ----------  --------------  -------------------  ----------------------
/opt/airflow/dags/dag.test_monokera.py                           1           0  0.45s           2024-12-02T10:14:04                      12
================================================================================
[2024-12-02T10:14:51.483+0000] {manager.py:1008} INFO - 
================================================================================
DAG File Processing Stats

File Path                               PID    Runtime      # DAGs    # Errors  Last Runtime    Last Run               Last # of DB Queries
--------------------------------------  -----  ---------  --------  ----------  --------------  -------------------  ----------------------
/opt/airflow/dags/dag.test_monokera.py                           1           0  0.49s           2024-12-02T10:14:34                      12
================================================================================
[2024-12-02T10:15:21.609+0000] {manager.py:1008} INFO - 
================================================================================
DAG File Processing Stats

File Path                               PID    Runtime      # DAGs    # Errors  Last Runtime    Last Run               Last # of DB Queries
--------------------------------------  -----  ---------  --------  ----------  --------------  -------------------  ----------------------
/opt/airflow/dags/dag.test_monokera.py                           1           0  0.52s           2024-12-02T10:15:05                      12
================================================================================
[2024-12-02T10:15:52.212+0000] {manager.py:1008} INFO - 
================================================================================
DAG File Processing Stats

File Path                               PID    Runtime      # DAGs    # Errors  Last Runtime    Last Run               Last # of DB Queries
--------------------------------------  -----  ---------  --------  ----------  --------------  -------------------  ----------------------
/opt/airflow/dags/dag.test_monokera.py                           1           0  0.53s           2024-12-02T10:15:36                      12
================================================================================
[2024-12-02T10:16:22.374+0000] {manager.py:1008} INFO - 
================================================================================
DAG File Processing Stats

File Path                               PID    Runtime      # DAGs    # Errors  Last Runtime    Last Run               Last # of DB Queries
--------------------------------------  -----  ---------  --------  ----------  --------------  -------------------  ----------------------
/opt/airflow/dags/dag.test_monokera.py                           1           0  0.49s           2024-12-02T10:16:06                      12
================================================================================
[2024-12-02T10:16:52.448+0000] {manager.py:1008} INFO - 
================================================================================
DAG File Processing Stats

File Path                               PID    Runtime      # DAGs    # Errors  Last Runtime    Last Run               Last # of DB Queries
--------------------------------------  -----  ---------  --------  ----------  --------------  -------------------  ----------------------
/opt/airflow/dags/dag.test_monokera.py                           1           0  0.50s           2024-12-02T10:16:37                      12
================================================================================
[2024-12-02T10:17:19.024+0000] {manager.py:832} INFO - Searching for files in /opt/airflow/dags
[2024-12-02T10:17:19.036+0000] {manager.py:835} INFO - There are 1 files in /opt/airflow/dags
[2024-12-02T10:17:22.576+0000] {manager.py:1008} INFO - 
================================================================================
DAG File Processing Stats

File Path                               PID    Runtime      # DAGs    # Errors  Last Runtime    Last Run               Last # of DB Queries
--------------------------------------  -----  ---------  --------  ----------  --------------  -------------------  ----------------------
/opt/airflow/dags/dag.test_monokera.py                           1           0  0.47s           2024-12-02T10:17:07                      12
================================================================================
[2024-12-02T10:17:52.663+0000] {manager.py:1008} INFO - 
================================================================================
DAG File Processing Stats

File Path                               PID    Runtime      # DAGs    # Errors  Last Runtime    Last Run               Last # of DB Queries
--------------------------------------  -----  ---------  --------  ----------  --------------  -------------------  ----------------------
/opt/airflow/dags/dag.test_monokera.py                           1           0  0.49s           2024-12-02T10:17:38                      12
================================================================================
[2024-12-02T10:18:22.787+0000] {manager.py:1008} INFO - 
================================================================================
DAG File Processing Stats

File Path                               PID    Runtime      # DAGs    # Errors  Last Runtime    Last Run               Last # of DB Queries
--------------------------------------  -----  ---------  --------  ----------  --------------  -------------------  ----------------------
/opt/airflow/dags/dag.test_monokera.py                           1           0  0.47s           2024-12-02T10:18:09                      12
================================================================================
[2024-12-02T10:18:52.835+0000] {manager.py:1008} INFO - 
================================================================================
DAG File Processing Stats

File Path                               PID    Runtime      # DAGs    # Errors  Last Runtime    Last Run               Last # of DB Queries
--------------------------------------  -----  ---------  --------  ----------  --------------  -------------------  ----------------------
/opt/airflow/dags/dag.test_monokera.py                           1           0  0.46s           2024-12-02T10:18:39                      12
================================================================================
[2024-12-02T10:19:22.956+0000] {manager.py:1008} INFO - 
================================================================================
DAG File Processing Stats

File Path                               PID    Runtime      # DAGs    # Errors  Last Runtime    Last Run               Last # of DB Queries
--------------------------------------  -----  ---------  --------  ----------  --------------  -------------------  ----------------------
/opt/airflow/dags/dag.test_monokera.py                           1           0  0.49s           2024-12-02T10:19:10                      12
================================================================================
[2024-12-02T10:19:53.046+0000] {manager.py:1008} INFO - 
================================================================================
DAG File Processing Stats

File Path                               PID    Runtime      # DAGs    # Errors  Last Runtime    Last Run               Last # of DB Queries
--------------------------------------  -----  ---------  --------  ----------  --------------  -------------------  ----------------------
/opt/airflow/dags/dag.test_monokera.py                           1           0  0.49s           2024-12-02T10:19:40                      12
================================================================================
[2024-12-02T10:20:23.172+0000] {manager.py:1008} INFO - 
================================================================================
DAG File Processing Stats

File Path                               PID    Runtime      # DAGs    # Errors  Last Runtime    Last Run               Last # of DB Queries
--------------------------------------  -----  ---------  --------  ----------  --------------  -------------------  ----------------------
/opt/airflow/dags/dag.test_monokera.py                           1           0  0.48s           2024-12-02T10:20:11                      12
================================================================================
[2024-12-02T10:20:53.271+0000] {manager.py:1008} INFO - 
================================================================================
DAG File Processing Stats

File Path                               PID    Runtime      # DAGs    # Errors  Last Runtime    Last Run               Last # of DB Queries
--------------------------------------  -----  ---------  --------  ----------  --------------  -------------------  ----------------------
/opt/airflow/dags/dag.test_monokera.py                           1           0  0.50s           2024-12-02T10:20:42                      12
================================================================================
[2024-12-02T10:21:23.898+0000] {manager.py:1008} INFO - 
================================================================================
DAG File Processing Stats

File Path                               PID    Runtime      # DAGs    # Errors  Last Runtime    Last Run               Last # of DB Queries
--------------------------------------  -----  ---------  --------  ----------  --------------  -------------------  ----------------------
/opt/airflow/dags/dag.test_monokera.py                           1           0  0.57s           2024-12-02T10:21:12                      12
================================================================================
[2024-12-02T10:21:54.061+0000] {manager.py:1008} INFO - 
================================================================================
DAG File Processing Stats

File Path                               PID    Runtime      # DAGs    # Errors  Last Runtime    Last Run               Last # of DB Queries
--------------------------------------  -----  ---------  --------  ----------  --------------  -------------------  ----------------------
/opt/airflow/dags/dag.test_monokera.py                           1           0  0.55s           2024-12-02T10:21:43                      12
================================================================================
[2024-12-02T10:22:19.157+0000] {manager.py:832} INFO - Searching for files in /opt/airflow/dags
[2024-12-02T10:22:19.161+0000] {manager.py:835} INFO - There are 1 files in /opt/airflow/dags
[2024-12-02T10:22:24.190+0000] {manager.py:1008} INFO - 
================================================================================
DAG File Processing Stats

File Path                               PID    Runtime      # DAGs    # Errors  Last Runtime    Last Run               Last # of DB Queries
--------------------------------------  -----  ---------  --------  ----------  --------------  -------------------  ----------------------
/opt/airflow/dags/dag.test_monokera.py                           1           0  0.52s           2024-12-02T10:22:14                      12
================================================================================
[2024-12-02T10:22:54.327+0000] {manager.py:1008} INFO - 
================================================================================
DAG File Processing Stats

File Path                               PID    Runtime      # DAGs    # Errors  Last Runtime    Last Run               Last # of DB Queries
--------------------------------------  -----  ---------  --------  ----------  --------------  -------------------  ----------------------
/opt/airflow/dags/dag.test_monokera.py                           1           0  0.46s           2024-12-02T10:22:44                      12
================================================================================
[2024-12-02T10:23:24.354+0000] {manager.py:1008} INFO - 
================================================================================
DAG File Processing Stats

File Path                               PID    Runtime      # DAGs    # Errors  Last Runtime    Last Run               Last # of DB Queries
--------------------------------------  -----  ---------  --------  ----------  --------------  -------------------  ----------------------
/opt/airflow/dags/dag.test_monokera.py                           1           0  0.45s           2024-12-02T10:23:15                      12
================================================================================
[2024-12-02T10:23:54.485+0000] {manager.py:1008} INFO - 
================================================================================
DAG File Processing Stats

File Path                               PID    Runtime      # DAGs    # Errors  Last Runtime    Last Run               Last # of DB Queries
--------------------------------------  -----  ---------  --------  ----------  --------------  -------------------  ----------------------
/opt/airflow/dags/dag.test_monokera.py                           1           0  0.46s           2024-12-02T10:23:45                      12
================================================================================
[2024-12-02T10:24:24.504+0000] {manager.py:1008} INFO - 
================================================================================
DAG File Processing Stats

File Path                               PID    Runtime      # DAGs    # Errors  Last Runtime    Last Run               Last # of DB Queries
--------------------------------------  -----  ---------  --------  ----------  --------------  -------------------  ----------------------
/opt/airflow/dags/dag.test_monokera.py                           1           0  0.45s           2024-12-02T10:24:16                      12
================================================================================
[2024-12-02T10:24:54.628+0000] {manager.py:1008} INFO - 
================================================================================
DAG File Processing Stats

File Path                               PID    Runtime      # DAGs    # Errors  Last Runtime    Last Run               Last # of DB Queries
--------------------------------------  -----  ---------  --------  ----------  --------------  -------------------  ----------------------
/opt/airflow/dags/dag.test_monokera.py                           1           0  0.46s           2024-12-02T10:24:47                      12
================================================================================
[2024-12-02T10:25:24.660+0000] {manager.py:1008} INFO - 
================================================================================
DAG File Processing Stats

File Path                               PID    Runtime      # DAGs    # Errors  Last Runtime    Last Run               Last # of DB Queries
--------------------------------------  -----  ---------  --------  ----------  --------------  -------------------  ----------------------
/opt/airflow/dags/dag.test_monokera.py                           1           0  0.46s           2024-12-02T10:25:17                      12
================================================================================
[2024-12-02T10:25:54.784+0000] {manager.py:1008} INFO - 
================================================================================
DAG File Processing Stats

File Path                               PID    Runtime      # DAGs    # Errors  Last Runtime    Last Run               Last # of DB Queries
--------------------------------------  -----  ---------  --------  ----------  --------------  -------------------  ----------------------
/opt/airflow/dags/dag.test_monokera.py                           1           0  0.45s           2024-12-02T10:25:48                      12
================================================================================
[2024-12-02T10:26:24.817+0000] {manager.py:1008} INFO - 
================================================================================
DAG File Processing Stats

File Path                               PID    Runtime      # DAGs    # Errors  Last Runtime    Last Run               Last # of DB Queries
--------------------------------------  -----  ---------  --------  ----------  --------------  -------------------  ----------------------
/opt/airflow/dags/dag.test_monokera.py                           1           0  0.46s           2024-12-02T10:26:18                      12
================================================================================
[2024-12-02T10:26:54.940+0000] {manager.py:1008} INFO - 
================================================================================
DAG File Processing Stats

File Path                               PID    Runtime      # DAGs    # Errors  Last Runtime    Last Run               Last # of DB Queries
--------------------------------------  -----  ---------  --------  ----------  --------------  -------------------  ----------------------
/opt/airflow/dags/dag.test_monokera.py                           1           0  0.44s           2024-12-02T10:26:49                      12
================================================================================
[2024-12-02T10:27:19.503+0000] {manager.py:832} INFO - Searching for files in /opt/airflow/dags
[2024-12-02T10:27:19.507+0000] {manager.py:835} INFO - There are 1 files in /opt/airflow/dags
[2024-12-02T13:30:26.051+0000] {manager.py:832} INFO - Searching for files in /opt/airflow/dags
[2024-12-02T13:30:26.059+0000] {manager.py:835} INFO - There are 1 files in /opt/airflow/dags
[2024-12-02T13:30:26.094+0000] {manager.py:1377} ERROR - Processor for /opt/airflow/dags/dag.test_monokera.py with PID 455 started at 2024-12-02T10:27:19.514396+00:00 has timed out, killing it.
[2024-12-02T13:30:26.157+0000] {manager.py:1008} INFO - 
================================================================================
DAG File Processing Stats

File Path                               PID    Runtime      # DAGs    # Errors  Last Runtime    Last Run               Last # of DB Queries
--------------------------------------  -----  ---------  --------  ----------  --------------  -------------------  ----------------------
/opt/airflow/dags/dag.test_monokera.py                           0           1  10986.58s       2024-12-02T13:30:26                       0
================================================================================
[2024-12-02T13:30:56.307+0000] {manager.py:1008} INFO - 
================================================================================
DAG File Processing Stats

File Path                                 PID  Runtime      # DAGs    # Errors  Last Runtime    Last Run               Last # of DB Queries
--------------------------------------  -----  ---------  --------  ----------  --------------  -------------------  ----------------------
/opt/airflow/dags/dag.test_monokera.py    469  0.01s             0           1  10986.58s       2024-12-02T13:30:26                       0
================================================================================
[2024-12-02T13:31:18.917+0000] {manager.py:468} INFO - Exiting gracefully upon receiving signal 15
